2022-06-24 09:09:04,206 TITLE
Python Code for Calculating number of days between two days
2022-06-24 09:09:04,206 user name who is running the code is chakravarthy
2022-06-24 09:09:18,387 input is correct
2022-06-24 09:09:18,387 Difference between these two dates "1998-9-8" and "2022-6-24" is 8690
2022-06-24 09:11:59,042 TITLE
Python Code for Checking Specified Value present in group of Values
2022-06-24 09:11:59,042 user name who is running the code is chakravarthy
2022-06-24 09:12:16,334 list of values user enters is [2, 8, 1, 9, 3]
2022-06-24 09:12:16,334 the given value 3 is present in the group of values
2022-06-24 09:13:24,439 TITLE
Python Code for Creating histogram from list of integers
2022-06-24 09:13:24,440 user name who is running the code is chakra
2022-06-24 09:13:24,440 list of values user enters is [12, 3, 1, 5, 18]
2022-06-24 12:08:32,290 TITLE
Python Code for Checking Specified Value present in group of Values
2022-06-24 12:08:32,290 user name who is running the code is chakravarthy
2022-06-24 12:08:43,098 list of values user enters is [9, 1, 3, 2, 7]
2022-06-24 12:08:43,098 the given value 7 is present in the group of values
2022-06-24 12:43:48,612 TITLE
Python Code for Creating histogram from list of integers
2022-06-24 12:43:48,612 user name who is running the code is chakravarthy
2022-06-24 12:43:55,783 list of values user enters is [19, 4, 2, 6]
2022-06-24 12:45:13,419 TITLE
Python Code for Creating histogram from list of integers
2022-06-24 12:45:13,419 user name who is running the code is chakravarthy
2022-06-24 12:45:25,043 list of values user enters is [10, 15, 20, 25, 30]
2022-06-24 12:56:38,982 [INFO] TITLE
Python Code for Creating histogram from list of integers
2022-06-24 12:56:38,982 [INFO] user name who is running the code is chakravarthy
2022-06-24 12:56:56,030 [INFO] list of values user enters is [10, 30, 5, 45, 25]
2022-06-24 13:09:52,695 [INFO] TITLE
Python Code for Checking Specified Value present in group of Values
2022-06-24 13:09:52,695 [INFO] user name who is running the code is chakravarthy
2022-06-24 13:10:11,960 [INFO] list of values user enters is [3, 1, 7, 5]
2022-06-24 13:10:11,960 [INFO] the given value 3 is present in the group of values
2022-06-24 13:25:20,625 [INFO] TITLE
Python Code for Calculating number of days between two days
2022-06-24 13:25:20,625 [INFO] user name who is running the code is chakravarthy
2022-06-24 13:25:42,290 [INFO] input is correct
2022-06-24 13:25:42,290 [INFO] Difference between these two dates "1998-9-8" and "2022-6-24" is 8690
2022-06-24 13:26:57,714 [INFO] TITLE
Python Code for Calculating number of days between two days
2022-06-24 13:26:57,714 [INFO] user name who is running the code is chakravarthy
2022-06-24 13:27:39,970 [INFO] input is correct
2022-06-24 13:27:39,970 [INFO] Difference between these two dates "2009-5-15" and "2022-6-24" is 4788
